  Button.cpp
  Game.cpp
E:\OOPAssignment\SDL_Project__Template\SDL_Project__Template\Game.cpp(159,39): warning C4805: '==': unsafe mix of type 'int' and type 'bool' in operation
E:\OOPAssignment\SDL_Project__Template\SDL_Project__Template\Game.cpp(186,40): warning C4805: '==': unsafe mix of type 'int' and type 'bool' in operation
E:\OOPAssignment\SDL_Project__Template\SDL_Project__Template\Game.cpp(473,22): warning C4018: '<': signed/unsigned mismatch
  GameObject.cpp
E:\OOPAssignment\SDL_Project__Template\SDL_Project__Template\GameObject.cpp(25,2): warning C4150: deletion of pointer to incomplete type 'SDL_Renderer'; no destructor called
E:\OOPAssignment\SDL_Project__Template\SDL_Project__Template\SDL\include\SDL_render.h(141,8): message : see declaration of 'SDL_Renderer'
E:\OOPAssignment\SDL_Project__Template\SDL_Project__Template\GameObject.cpp(26,2): warning C4150: deletion of pointer to incomplete type 'SDL_Texture'; no destructor called
E:\OOPAssignment\SDL_Project__Template\SDL_Project__Template\SDL\include\SDL_render.h(147,8): message : see declaration of 'SDL_Texture'
  Obstacle.cpp
  player.cpp
E:\OOPAssignment\SDL_Project__Template\SDL_Project__Template\player.cpp(77,20): warning C4018: '<': signed/unsigned mismatch
  Score.cpp
  Sound.cpp
  Source.cpp
E:\OOPAssignment\SDL_Project__Template\SDL_Project__Template\Source.cpp(7,12): warning C4244: 'argument': conversion from 'time_t' to 'unsigned int', possible loss of data
  SpriteScroll.cpp
  Generating Code...
E:\OOPAssignment\SDL_Project__Template\SDL_Project__Template\player.cpp(105): warning C4715: 'player::AaBbCollision': not all control paths return a value
  SDL_Project__Template.vcxproj -> E:\OOPAssignment\SDL_Project__Template\Debug\SDL_Project__Template.exe
